# JRE version: OpenJDK Runtime Environment (8.0_242-b01) (build 1.8.0_242-release-1644-b01)
# Java VM: OpenJDK 64-Bit Server VM (25.242-b01 mixed mode windows-amd64 compressed oops)
Heap:
 PSYoungGen      total 433152K, used 129615K [0x00000000e0000000, 0x00000000fff00000, 0x0000000100000000)
  eden space 348160K, 33% used [0x00000000e0000000,0x00000000e7289d50,0x00000000f5400000)
  from space 84992K, 14% used [0x00000000f5400000,0x00000000f6009f48,0x00000000fa700000)
  to   space 84480K, 0% used [0x00000000fac80000,0x00000000fac80000,0x00000000fff00000)
 ParOldGen       total 449024K, used 89734K [0x00000000a0000000, 0x00000000bb680000, 0x00000000e0000000)
  object space 449024K, 19% used [0x00000000a0000000,0x00000000a57a1b08,0x00000000bb680000)
 Metaspace       used 133288K, capacity 143912K, committed 160296K, reserved 1187840K
  class space    used 16321K, capacity 18248K, committed 21552K, reserved 1048576K
GC Heap History (10 events):
Event: 6231.665 GC heap before
{Heap before GC invocations=100 (full 5):
 PSYoungGen      total 429056K, used 366774K [0x00000000e0000000, 0x0000000100000000, 0x0000000100000000)
  eden space 338944K, 100% used [0x00000000e0000000,0x00000000f4b00000,0x00000000f4b00000)
  from space 90112K, 30% used [0x00000000fa200000,0x00000000fbd2d8c0,0x00000000ffa00000)
  to   space 89088K, 0% used [0x00000000f4b00000,0x00000000f4b00000,0x00000000fa200000)
 ParOldGen       total 449024K, used 89694K [0x00000000a0000000, 0x00000000bb680000, 0x00000000e0000000)
  object space 449024K, 19% used [0x00000000a0000000,0x00000000a5797b08,0x00000000bb680000)
 Metaspace       used 132445K, capacity 142990K, committed 160296K, reserved 1187840K
  class space    used 16226K, capacity 18129K, committed 21552K, reserved 1048576K
Event: 6231.697 GC heap after
Heap after GC invocations=100 (full 5):
 PSYoungGen      total 428032K, used 19772K [0x00000000e0000000, 0x00000000fff00000, 0x0000000100000000)
  eden space 338944K, 0% used [0x00000000e0000000,0x00000000e0000000,0x00000000f4b00000)
  from space 89088K, 22% used [0x00000000f4b00000,0x00000000f5e4f298,0x00000000fa200000)
  to   space 89088K, 0% used [0x00000000fa800000,0x00000000fa800000,0x00000000fff00000)
 ParOldGen       total 449024K, used 89702K [0x00000000a0000000, 0x00000000bb680000, 0x00000000e0000000)
  object space 449024K, 19% used [0x00000000a0000000,0x00000000a5799b08,0x00000000bb680000)
 Metaspace       used 132445K, capacity 142990K, committed 160296K, reserved 1187840K
  class space    used 16226K, capacity 18129K, committed 21552K, reserved 1048576K
}
Event: 7836.199 GC heap before
{Heap before GC invocations=101 (full 5):
 PSYoungGen      total 428032K, used 358716K [0x00000000e0000000, 0x00000000fff00000, 0x0000000100000000)
  eden space 338944K, 100% used [0x00000000e0000000,0x00000000f4b00000,0x00000000f4b00000)
  from space 89088K, 22% used [0x00000000f4b00000,0x00000000f5e4f298,0x00000000fa200000)
  to   space 89088K, 0% used [0x00000000fa800000,0x00000000fa800000,0x00000000fff00000)
 ParOldGen       total 449024K, used 89702K [0x00000000a0000000, 0x00000000bb680000, 0x00000000e0000000)
  object space 449024K, 19% used [0x00000000a0000000,0x00000000a5799b08,0x00000000bb680000)
 Metaspace       used 132900K, capacity 143470K, committed 160296K, reserved 1187840K
  class space    used 16299K, capacity 18209K, committed 21552K, reserved 1048576K
Event: 7836.216 GC heap after
Heap after GC invocations=101 (full 5):
 PSYoungGen      total 434176K, used 19211K [0x00000000e0000000, 0x00000000ffe00000, 0x0000000100000000)
  eden space 346112K, 0% used [0x00000000e0000000,0x00000000e0000000,0x00000000f5200000)
  from space 88064K, 21% used [0x00000000fa800000,0x00000000fbac2e20,0x00000000ffe00000)
  to   space 88064K, 0% used [0x00000000f5200000,0x00000000f5200000,0x00000000fa800000)
 ParOldGen       total 449024K, used 89710K [0x00000000a0000000, 0x00000000bb680000, 0x00000000e0000000)
  object space 449024K, 19% used [0x00000000a0000000,0x00000000a579bb08,0x00000000bb680000)
 Metaspace       used 132900K, capacity 143470K, committed 160296K, reserved 1187840K
  class space    used 16299K, capacity 18209K, committed 21552K, reserved 1048576K
}
Event: 7839.647 GC heap before
{Heap before GC invocations=102 (full 5):
 PSYoungGen      total 434176K, used 365323K [0x00000000e0000000, 0x00000000ffe00000, 0x0000000100000000)
  eden space 346112K, 100% used [0x00000000e0000000,0x00000000f5200000,0x00000000f5200000)
  from space 88064K, 21% used [0x00000000fa800000,0x00000000fbac2e20,0x00000000ffe00000)
  to   space 88064K, 0% used [0x00000000f5200000,0x00000000f5200000,0x00000000fa800000)
 ParOldGen       total 449024K, used 89710K [0x00000000a0000000, 0x00000000bb680000, 0x00000000e0000000)
  object space 449024K, 19% used [0x00000000a0000000,0x00000000a579bb08,0x00000000bb680000)
 Metaspace       used 132994K, capacity 143542K, committed 160296K, reserved 1187840K
  class space    used 16299K, capacity 18209K, committed 21552K, reserved 1048576K
Event: 7839.694 GC heap after
Heap after GC invocations=102 (full 5):
 PSYoungGen      total 390656K, used 44462K [0x00000000e0000000, 0x00000000ffa00000, 0x0000000100000000)
  eden space 346112K, 0% used [0x00000000e0000000,0x00000000e0000000,0x00000000f5200000)
  from space 44544K, 99% used [0x00000000f5200000,0x00000000f7d6ba58,0x00000000f7d80000)
  to   space 84992K, 0% used [0x00000000fa700000,0x00000000fa700000,0x00000000ffa00000)
 ParOldGen       total 449024K, used 89718K [0x00000000a0000000, 0x00000000bb680000, 0x00000000e0000000)
  object space 449024K, 19% used [0x00000000a0000000,0x00000000a579db08,0x00000000bb680000)
 Metaspace       used 132994K, capacity 143542K, committed 160296K, reserved 1187840K
  class space    used 16299K, capacity 18209K, committed 21552K, reserved 1048576K
}
Event: 8010.932 GC heap before
{Heap before GC invocations=103 (full 5):
 PSYoungGen      total 390656K, used 390574K [0x00000000e0000000, 0x00000000ffa00000, 0x0000000100000000)
  eden space 346112K, 100% used [0x00000000e0000000,0x00000000f5200000,0x00000000f5200000)
  from space 44544K, 99% used [0x00000000f5200000,0x00000000f7d6ba58,0x00000000f7d80000)
  to   space 84992K, 0% used [0x00000000fa700000,0x00000000fa700000,0x00000000ffa00000)
 ParOldGen       total 449024K, used 89718K [0x00000000a0000000, 0x00000000bb680000, 0x00000000e0000000)
  object space 449024K, 19% used [0x00000000a0000000,0x00000000a579db08,0x00000000bb680000)
 Metaspace       used 133186K, capacity 143868K, committed 160296K, reserved 1187840K
  class space    used 16317K, capacity 18242K, committed 21552K, reserved 1048576K
Event: 8010.947 GC heap after
Heap after GC invocations=103 (full 5):
 PSYoungGen      total 433152K, used 14785K [0x00000000e0000000, 0x0000000100000000, 0x0000000100000000)
  eden space 348160K, 0% used [0x00000000e0000000,0x00000000e0000000,0x00000000f5400000)
  from space 84992K, 17% used [0x00000000fa700000,0x00000000fb5706d8,0x00000000ffa00000)
  to   space 84992K, 0% used [0x00000000f5400000,0x00000000f5400000,0x00000000fa700000)
 ParOldGen       total 449024K, used 89726K [0x00000000a0000000, 0x00000000bb680000, 0x00000000e0000000)
  object space 449024K, 19% used [0x00000000a0000000,0x00000000a579fb08,0x00000000bb680000)
 Metaspace       used 133186K, capacity 143868K, committed 160296K, reserved 1187840K
  class space    used 16317K, capacity 18242K, committed 21552K, reserved 1048576K
}
Event: 8030.411 GC heap before
{Heap before GC invocations=104 (full 5):
 PSYoungGen      total 433152K, used 362929K [0x00000000e0000000, 0x0000000100000000, 0x0000000100000000)
  eden space 348160K, 99% used [0x00000000e0000000,0x00000000f53fc000,0x00000000f5400000)
  from space 84992K, 17% used [0x00000000fa700000,0x00000000fb5706d8,0x00000000ffa00000)
  to   space 84992K, 0% used [0x00000000f5400000,0x00000000f5400000,0x00000000fa700000)
 ParOldGen       total 449024K, used 89726K [0x00000000a0000000, 0x00000000bb680000, 0x00000000e0000000)
  object space 449024K, 19% used [0x00000000a0000000,0x00000000a579fb08,0x00000000bb680000)
 Metaspace       used 133272K, capacity 143904K, committed 160296K, reserved 1187840K
  class space    used 16321K, capacity 18248K, committed 21552K, reserved 1048576K
Event: 8030.425 GC heap after
Heap after GC invocations=104 (full 5):
 PSYoungGen      total 433152K, used 12327K [0x00000000e0000000, 0x00000000fff00000, 0x0000000100000000)
  eden space 348160K, 0% used [0x00000000e0000000,0x00000000e0000000,0x00000000f5400000)
  from space 84992K, 14% used [0x00000000f5400000,0x00000000f6009f48,0x00000000fa700000)
  to   space 84480K, 0% used [0x00000000fac80000,0x00000000fac80000,0x00000000fff00000)
 ParOldGen       total 449024K, used 89734K [0x00000000a0000000, 0x00000000bb680000, 0x00000000e0000000)
  object space 449024K, 19% used [0x00000000a0000000,0x00000000a57a1b08,0x00000000bb680000)
 Metaspace       used 133272K, capacity 143904K, committed 160296K, reserved 1187840K
  class space    used 16321K, capacity 18248K, committed 21552K, reserved 1048576K
}

