# JRE version: OpenJDK Runtime Environment (8.0_242-b01) (build 1.8.0_242-release-1644-b01)
# Java VM: OpenJDK 64-Bit Server VM (25.242-b01 mixed mode windows-amd64 compressed oops)
Heap:
 PSYoungGen      total 291328K, used 127725K [0x00000000e0000000, 0x00000000f7200000, 0x0000000100000000)
  eden space 215552K, 59% used [0x00000000e0000000,0x00000000e7cbb4c0,0x00000000ed280000)
  from space 75776K, 0% used [0x00000000ed280000,0x00000000ed280000,0x00000000f1c80000)
  to   space 73728K, 0% used [0x00000000f2a00000,0x00000000f2a00000,0x00000000f7200000)
 ParOldGen       total 293888K, used 67510K [0x00000000a0000000, 0x00000000b1f00000, 0x00000000e0000000)
  object space 293888K, 22% used [0x00000000a0000000,0x00000000a41ed868,0x00000000b1f00000)
 Metaspace       used 94549K, capacity 99598K, committed 99864K, reserved 1136640K
  class space    used 12313K, capacity 13290K, committed 13360K, reserved 1048576K
GC Heap History (10 events):
Event: 221.037 GC heap before
{Heap before GC invocations=21 (full 3):
 PSYoungGen      total 245760K, used 242442K [0x00000000e0000000, 0x00000000f5800000, 0x0000000100000000)
  eden space 192512K, 98% used [0x00000000e0000000,0x00000000eb8c2ca0,0x00000000ebc00000)
  from space 53248K, 99% used [0x00000000ebc00000,0x00000000eefffea8,0x00000000ef000000)
  to   space 68608K, 0% used [0x00000000f1500000,0x00000000f1500000,0x00000000f5800000)
 ParOldGen       total 293888K, used 144514K [0x00000000a0000000, 0x00000000b1f00000, 0x00000000e0000000)
  object space 293888K, 49% used [0x00000000a0000000,0x00000000a8d20bd8,0x00000000b1f00000)
 Metaspace       used 85854K, capacity 90916K, committed 91032K, reserved 1128448K
  class space    used 11476K, capacity 12453K, committed 12464K, reserved 1048576K
Event: 221.068 GC heap after
Heap after GC invocations=21 (full 3):
 PSYoungGen      total 272384K, used 35529K [0x00000000e0000000, 0x00000000f5100000, 0x0000000100000000)
  eden space 210944K, 0% used [0x00000000e0000000,0x00000000e0000000,0x00000000ece00000)
  from space 61440K, 57% used [0x00000000f1500000,0x00000000f37b2598,0x00000000f5100000)
  to   space 67072K, 0% used [0x00000000ece00000,0x00000000ece00000,0x00000000f0f80000)
 ParOldGen       total 293888K, used 161577K [0x00000000a0000000, 0x00000000b1f00000, 0x00000000e0000000)
  object space 293888K, 54% used [0x00000000a0000000,0x00000000a9dca738,0x00000000b1f00000)
 Metaspace       used 85854K, capacity 90916K, committed 91032K, reserved 1128448K
  class space    used 11476K, capacity 12453K, committed 12464K, reserved 1048576K
}
Event: 504.851 GC heap before
{Heap before GC invocations=22 (full 3):
 PSYoungGen      total 272384K, used 246473K [0x00000000e0000000, 0x00000000f5100000, 0x0000000100000000)
  eden space 210944K, 100% used [0x00000000e0000000,0x00000000ece00000,0x00000000ece00000)
  from space 61440K, 57% used [0x00000000f1500000,0x00000000f37b2598,0x00000000f5100000)
  to   space 67072K, 0% used [0x00000000ece00000,0x00000000ece00000,0x00000000f0f80000)
 ParOldGen       total 293888K, used 161577K [0x00000000a0000000, 0x00000000b1f00000, 0x00000000e0000000)
  object space 293888K, 54% used [0x00000000a0000000,0x00000000a9dca738,0x00000000b1f00000)
 Metaspace       used 86146K, capacity 91214K, committed 91416K, reserved 1128448K
  class space    used 11490K, capacity 12480K, committed 12592K, reserved 1048576K
Event: 504.869 GC heap after
Heap after GC invocations=22 (full 3):
 PSYoungGen      total 278016K, used 24409K [0x00000000e0000000, 0x00000000f5b00000, 0x0000000100000000)
  eden space 210944K, 0% used [0x00000000e0000000,0x00000000e0000000,0x00000000ece00000)
  from space 67072K, 36% used [0x00000000ece00000,0x00000000ee5d6690,0x00000000f0f80000)
  to   space 64000K, 0% used [0x00000000f1c80000,0x00000000f1c80000,0x00000000f5b00000)
 ParOldGen       total 293888K, used 161585K [0x00000000a0000000, 0x00000000b1f00000, 0x00000000e0000000)
  object space 293888K, 54% used [0x00000000a0000000,0x00000000a9dcc738,0x00000000b1f00000)
 Metaspace       used 86146K, capacity 91214K, committed 91416K, reserved 1128448K
  class space    used 11490K, capacity 12480K, committed 12592K, reserved 1048576K
}
Event: 507.643 GC heap before
{Heap before GC invocations=23 (full 3):
 PSYoungGen      total 278016K, used 235154K [0x00000000e0000000, 0x00000000f5b00000, 0x0000000100000000)
  eden space 210944K, 99% used [0x00000000e0000000,0x00000000ecdce530,0x00000000ece00000)
  from space 67072K, 36% used [0x00000000ece00000,0x00000000ee5d6690,0x00000000f0f80000)
  to   space 64000K, 0% used [0x00000000f1c80000,0x00000000f1c80000,0x00000000f5b00000)
 ParOldGen       total 293888K, used 161585K [0x00000000a0000000, 0x00000000b1f00000, 0x00000000e0000000)
  object space 293888K, 54% used [0x00000000a0000000,0x00000000a9dcc738,0x00000000b1f00000)
 Metaspace       used 92218K, capacity 97416K, committed 97688K, reserved 1134592K
  class space    used 12201K, capacity 13195K, committed 13232K, reserved 1048576K
Event: 507.700 GC heap after
Heap after GC invocations=23 (full 3):
 PSYoungGen      total 279552K, used 63989K [0x00000000e0000000, 0x00000000f7500000, 0x0000000100000000)
  eden space 215552K, 0% used [0x00000000e0000000,0x00000000e0000000,0x00000000ed280000)
  from space 64000K, 99% used [0x00000000f1c80000,0x00000000f5afd790,0x00000000f5b00000)
  to   space 75776K, 0% used [0x00000000ed280000,0x00000000ed280000,0x00000000f1c80000)
 ParOldGen       total 293888K, used 167034K [0x00000000a0000000, 0x00000000b1f00000, 0x00000000e0000000)
  object space 293888K, 56% used [0x00000000a0000000,0x00000000aa31e9f0,0x00000000b1f00000)
 Metaspace       used 92218K, capacity 97416K, committed 97688K, reserved 1134592K
  class space    used 12201K, capacity 13195K, committed 13232K, reserved 1048576K
}
Event: 880.051 GC heap before
{Heap before GC invocations=24 (full 3):
 PSYoungGen      total 279552K, used 257627K [0x00000000e0000000, 0x00000000f7500000, 0x0000000100000000)
  eden space 215552K, 89% used [0x00000000e0000000,0x00000000ebd19620,0x00000000ed280000)
  from space 64000K, 99% used [0x00000000f1c80000,0x00000000f5afd790,0x00000000f5b00000)
  to   space 75776K, 0% used [0x00000000ed280000,0x00000000ed280000,0x00000000f1c80000)
 ParOldGen       total 293888K, used 167034K [0x00000000a0000000, 0x00000000b1f00000, 0x00000000e0000000)
  object space 293888K, 56% used [0x00000000a0000000,0x00000000aa31e9f0,0x00000000b1f00000)
 Metaspace       used 93198K, capacity 98508K, committed 98584K, reserved 1134592K
  class space    used 12265K, capacity 13285K, committed 13360K, reserved 1048576K
Event: 880.080 GC heap after
Heap after GC invocations=24 (full 3):
 PSYoungGen      total 291328K, used 19962K [0x00000000e0000000, 0x00000000f7200000, 0x0000000100000000)
  eden space 215552K, 0% used [0x00000000e0000000,0x00000000e0000000,0x00000000ed280000)
  from space 75776K, 26% used [0x00000000ed280000,0x00000000ee5fe9c0,0x00000000f1c80000)
  to   space 73728K, 0% used [0x00000000f2a00000,0x00000000f2a00000,0x00000000f7200000)
 ParOldGen       total 293888K, used 183085K [0x00000000a0000000, 0x00000000b1f00000, 0x00000000e0000000)
  object space 293888K, 62% used [0x00000000a0000000,0x00000000ab2cb658,0x00000000b1f00000)
 Metaspace       used 93198K, capacity 98508K, committed 98584K, reserved 1134592K
  class space    used 12265K, capacity 13285K, committed 13360K, reserved 1048576K
}
Event: 880.080 GC heap before
{Heap before GC invocations=25 (full 4):
 PSYoungGen      total 291328K, used 19962K [0x00000000e0000000, 0x00000000f7200000, 0x0000000100000000)
  eden space 215552K, 0% used [0x00000000e0000000,0x00000000e0000000,0x00000000ed280000)
  from space 75776K, 26% used [0x00000000ed280000,0x00000000ee5fe9c0,0x00000000f1c80000)
  to   space 73728K, 0% used [0x00000000f2a00000,0x00000000f2a00000,0x00000000f7200000)
 ParOldGen       total 293888K, used 183085K [0x00000000a0000000, 0x00000000b1f00000, 0x00000000e0000000)
  object space 293888K, 62% used [0x00000000a0000000,0x00000000ab2cb658,0x00000000b1f00000)
 Metaspace       used 93198K, capacity 98508K, committed 98584K, reserved 1134592K
  class space    used 12265K, capacity 13285K, committed 13360K, reserved 1048576K
Event: 880.263 GC heap after
Heap after GC invocations=25 (full 4):
 PSYoungGen      total 291328K, used 0K [0x00000000e0000000, 0x00000000f7200000, 0x0000000100000000)
  eden space 215552K, 0% used [0x00000000e0000000,0x00000000e0000000,0x00000000ed280000)
  from space 75776K, 0% used [0x00000000ed280000,0x00000000ed280000,0x00000000f1c80000)
  to   space 73728K, 0% used [0x00000000f2a00000,0x00000000f2a00000,0x00000000f7200000)
 ParOldGen       total 293888K, used 67510K [0x00000000a0000000, 0x00000000b1f00000, 0x00000000e0000000)
  object space 293888K, 22% used [0x00000000a0000000,0x00000000a41ed868,0x00000000b1f00000)
 Metaspace       used 92840K, capacity 97490K, committed 98584K, reserved 1134592K
  class space    used 12148K, capacity 13076K, committed 13360K, reserved 1048576K
}

