# JRE version: OpenJDK Runtime Environment (8.0_242-b01) (build 1.8.0_242-release-1644-b01)
# Java VM: OpenJDK 64-Bit Server VM (25.242-b01 mixed mode windows-amd64 compressed oops)
Heap:
 PSYoungGen      total 309760K, used 235476K [0x00000000e0000000, 0x00000000f7900000, 0x0000000100000000)
  eden space 256512K, 81% used [0x00000000e0000000,0x00000000ecc9d3c8,0x00000000efa80000)
  from space 53248K, 48% used [0x00000000efa80000,0x00000000f13d7cb8,0x00000000f2e80000)
  to   space 51712K, 0% used [0x00000000f4680000,0x00000000f4680000,0x00000000f7900000)
 ParOldGen       total 454656K, used 104176K [0x00000000a0000000, 0x00000000bbc00000, 0x00000000e0000000)
  object space 454656K, 22% used [0x00000000a0000000,0x00000000a65bc210,0x00000000bbc00000)
 Metaspace       used 101970K, capacity 106970K, committed 107160K, reserved 1142784K
  class space    used 12975K, capacity 13948K, committed 14000K, reserved 1048576K
GC Heap History (10 events):
Event: 26.557 GC heap before
{Heap before GC invocations=23 (full 4):
 PSYoungGen      total 253952K, used 197630K [0x00000000e0000000, 0x00000000f3c80000, 0x0000000100000000)
  eden space 197632K, 99% used [0x00000000e0000000,0x00000000ec0ff9a0,0x00000000ec100000)
  from space 56320K, 0% used [0x00000000ef980000,0x00000000ef980000,0x00000000f3080000)
  to   space 57856K, 0% used [0x00000000ec100000,0x00000000ec100000,0x00000000ef980000)
 ParOldGen       total 454656K, used 104007K [0x00000000a0000000, 0x00000000bbc00000, 0x00000000e0000000)
  object space 454656K, 22% used [0x00000000a0000000,0x00000000a6591dd0,0x00000000bbc00000)
 Metaspace       used 94376K, capacity 98396K, committed 99736K, reserved 1136640K
  class space    used 12375K, capacity 13185K, committed 13488K, reserved 1048576K
Event: 26.563 GC heap after
Heap after GC invocations=23 (full 4):
 PSYoungGen      total 255488K, used 11097K [0x00000000e0000000, 0x00000000f5680000, 0x0000000100000000)
  eden space 197632K, 0% used [0x00000000e0000000,0x00000000e0000000,0x00000000ec100000)
  from space 57856K, 19% used [0x00000000ec100000,0x00000000ecbd66a0,0x00000000ef980000)
  to   space 57344K, 0% used [0x00000000f1e80000,0x00000000f1e80000,0x00000000f5680000)
 ParOldGen       total 454656K, used 104015K [0x00000000a0000000, 0x00000000bbc00000, 0x00000000e0000000)
  object space 454656K, 22% used [0x00000000a0000000,0x00000000a6593dd0,0x00000000bbc00000)
 Metaspace       used 94376K, capacity 98396K, committed 99736K, reserved 1136640K
  class space    used 12375K, capacity 13185K, committed 13488K, reserved 1048576K
}
Event: 178.424 GC heap before
{Heap before GC invocations=24 (full 4):
 PSYoungGen      total 255488K, used 208729K [0x00000000e0000000, 0x00000000f5680000, 0x0000000100000000)
  eden space 197632K, 100% used [0x00000000e0000000,0x00000000ec100000,0x00000000ec100000)
  from space 57856K, 19% used [0x00000000ec100000,0x00000000ecbd66a0,0x00000000ef980000)
  to   space 57344K, 0% used [0x00000000f1e80000,0x00000000f1e80000,0x00000000f5680000)
 ParOldGen       total 454656K, used 104017K [0x00000000a0000000, 0x00000000bbc00000, 0x00000000e0000000)
  object space 454656K, 22% used [0x00000000a0000000,0x00000000a6594498,0x00000000bbc00000)
 Metaspace       used 99457K, capacity 103644K, committed 104344K, reserved 1140736K
  class space    used 12815K, capacity 13695K, committed 14000K, reserved 1048576K
Event: 178.440 GC heap after
Heap after GC invocations=24 (full 4):
 PSYoungGen      total 278016K, used 20743K [0x00000000e0000000, 0x00000000f4d00000, 0x0000000100000000)
  eden space 230400K, 0% used [0x00000000e0000000,0x00000000e0000000,0x00000000ee100000)
  from space 47616K, 43% used [0x00000000f1e80000,0x00000000f32c1d38,0x00000000f4d00000)
  to   space 55296K, 0% used [0x00000000ee100000,0x00000000ee100000,0x00000000f1700000)
 ParOldGen       total 454656K, used 104025K [0x00000000a0000000, 0x00000000bbc00000, 0x00000000e0000000)
  object space 454656K, 22% used [0x00000000a0000000,0x00000000a6596498,0x00000000bbc00000)
 Metaspace       used 99457K, capacity 103644K, committed 104344K, reserved 1140736K
  class space    used 12815K, capacity 13695K, committed 14000K, reserved 1048576K
}
Event: 201.265 GC heap before
{Heap before GC invocations=25 (full 4):
 PSYoungGen      total 278016K, used 251143K [0x00000000e0000000, 0x00000000f4d00000, 0x0000000100000000)
  eden space 230400K, 100% used [0x00000000e0000000,0x00000000ee100000,0x00000000ee100000)
  from space 47616K, 43% used [0x00000000f1e80000,0x00000000f32c1d38,0x00000000f4d00000)
  to   space 55296K, 0% used [0x00000000ee100000,0x00000000ee100000,0x00000000f1700000)
 ParOldGen       total 454656K, used 104025K [0x00000000a0000000, 0x00000000bbc00000, 0x00000000e0000000)
  object space 454656K, 22% used [0x00000000a0000000,0x00000000a6596498,0x00000000bbc00000)
 Metaspace       used 100294K, capacity 104700K, committed 105112K, reserved 1140736K
  class space    used 12857K, capacity 13753K, committed 14000K, reserved 1048576K
Event: 201.276 GC heap after
Heap after GC invocations=25 (full 4):
 PSYoungGen      total 285696K, used 11508K [0x00000000e0000000, 0x00000000f6a80000, 0x0000000100000000)
  eden space 230400K, 0% used [0x00000000e0000000,0x00000000e0000000,0x00000000ee100000)
  from space 55296K, 20% used [0x00000000ee100000,0x00000000eec3d0e0,0x00000000f1700000)
  to   space 54272K, 0% used [0x00000000f3580000,0x00000000f3580000,0x00000000f6a80000)
 ParOldGen       total 454656K, used 104033K [0x00000000a0000000, 0x00000000bbc00000, 0x00000000e0000000)
  object space 454656K, 22% used [0x00000000a0000000,0x00000000a6598498,0x00000000bbc00000)
 Metaspace       used 100294K, capacity 104700K, committed 105112K, reserved 1140736K
  class space    used 12857K, capacity 13753K, committed 14000K, reserved 1048576K
}
Event: 502.865 GC heap before
{Heap before GC invocations=26 (full 4):
 PSYoungGen      total 285696K, used 241908K [0x00000000e0000000, 0x00000000f6a80000, 0x0000000100000000)
  eden space 230400K, 100% used [0x00000000e0000000,0x00000000ee100000,0x00000000ee100000)
  from space 55296K, 20% used [0x00000000ee100000,0x00000000eec3d0e0,0x00000000f1700000)
  to   space 54272K, 0% used [0x00000000f3580000,0x00000000f3580000,0x00000000f6a80000)
 ParOldGen       total 454656K, used 104033K [0x00000000a0000000, 0x00000000bbc00000, 0x00000000e0000000)
  object space 454656K, 22% used [0x00000000a0000000,0x00000000a6598498,0x00000000bbc00000)
 Metaspace       used 101219K, capacity 106174K, committed 106392K, reserved 1142784K
  class space    used 12937K, capacity 13898K, committed 14000K, reserved 1048576K
Event: 502.874 GC heap after
Heap after GC invocations=26 (full 4):
 PSYoungGen      total 302592K, used 9828K [0x00000000e0000000, 0x00000000f6280000, 0x0000000100000000)
  eden space 256512K, 0% used [0x00000000e0000000,0x00000000e0000000,0x00000000efa80000)
  from space 46080K, 21% used [0x00000000f3580000,0x00000000f3f190b0,0x00000000f6280000)
  to   space 53248K, 0% used [0x00000000efa80000,0x00000000efa80000,0x00000000f2e80000)
 ParOldGen       total 454656K, used 104041K [0x00000000a0000000, 0x00000000bbc00000, 0x00000000e0000000)
  object space 454656K, 22% used [0x00000000a0000000,0x00000000a659a498,0x00000000bbc00000)
 Metaspace       used 101219K, capacity 106174K, committed 106392K, reserved 1142784K
  class space    used 12937K, capacity 13898K, committed 14000K, reserved 1048576K
}
Event: 505.756 GC heap before
{Heap before GC invocations=27 (full 4):
 PSYoungGen      total 302592K, used 266340K [0x00000000e0000000, 0x00000000f6280000, 0x0000000100000000)
  eden space 256512K, 100% used [0x00000000e0000000,0x00000000efa80000,0x00000000efa80000)
  from space 46080K, 21% used [0x00000000f3580000,0x00000000f3f190b0,0x00000000f6280000)
  to   space 53248K, 0% used [0x00000000efa80000,0x00000000efa80000,0x00000000f2e80000)
 ParOldGen       total 454656K, used 104168K [0x00000000a0000000, 0x00000000bbc00000, 0x00000000e0000000)
  object space 454656K, 22% used [0x00000000a0000000,0x00000000a65ba210,0x00000000bbc00000)
 Metaspace       used 101830K, capacity 106812K, committed 106904K, reserved 1142784K
  class space    used 12971K, capacity 13945K, committed 14000K, reserved 1048576K
Event: 505.777 GC heap after
Heap after GC invocations=27 (full 4):
 PSYoungGen      total 309760K, used 25951K [0x00000000e0000000, 0x00000000f7900000, 0x0000000100000000)
  eden space 256512K, 0% used [0x00000000e0000000,0x00000000e0000000,0x00000000efa80000)
  from space 53248K, 48% used [0x00000000efa80000,0x00000000f13d7cb8,0x00000000f2e80000)
  to   space 51712K, 0% used [0x00000000f4680000,0x00000000f4680000,0x00000000f7900000)
 ParOldGen       total 454656K, used 104176K [0x00000000a0000000, 0x00000000bbc00000, 0x00000000e0000000)
  object space 454656K, 22% used [0x00000000a0000000,0x00000000a65bc210,0x00000000bbc00000)
 Metaspace       used 101830K, capacity 106812K, committed 106904K, reserved 1142784K
  class space    used 12971K, capacity 13945K, committed 14000K, reserved 1048576K
}

