# JRE version: OpenJDK Runtime Environment (8.0_242-b01) (build 1.8.0_242-release-1644-b01)
# Java VM: OpenJDK 64-Bit Server VM (25.242-b01 mixed mode windows-amd64 compressed oops)
Heap:
 PSYoungGen      total 295936K, used 178972K [0x00000000e0000000, 0x00000000f6200000, 0x0000000100000000)
  eden space 243712K, 60% used [0x00000000e0000000,0x00000000e8f48728,0x00000000eee00000)
  from space 52224K, 61% used [0x00000000f2f00000,0x00000000f4e7eac8,0x00000000f6200000)
  to   space 59392K, 0% used [0x00000000eee00000,0x00000000eee00000,0x00000000f2800000)
 ParOldGen       total 265216K, used 126218K [0x00000000a0000000, 0x00000000b0300000, 0x00000000e0000000)
  object space 265216K, 47% used [0x00000000a0000000,0x00000000a7b42968,0x00000000b0300000)
 Metaspace       used 93975K, capacity 98654K, committed 99012K, reserved 1134592K
  class space    used 12293K, capacity 13188K, committed 13308K, reserved 1048576K
GC Heap History (10 events):
Event: 10.541 GC heap before
{Heap before GC invocations=15 (full 3):
 PSYoungGen      total 185856K, used 182548K [0x00000000e0000000, 0x00000000ee600000, 0x0000000100000000)
  eden space 165376K, 100% used [0x00000000e0000000,0x00000000ea180000,0x00000000ea180000)
  from space 20480K, 83% used [0x00000000ea180000,0x00000000eb2453a0,0x00000000eb580000)
  to   space 21504K, 0% used [0x00000000ed100000,0x00000000ed100000,0x00000000ee600000)
 ParOldGen       total 265216K, used 35755K [0x00000000a0000000, 0x00000000b0300000, 0x00000000e0000000)
  object space 265216K, 13% used [0x00000000a0000000,0x00000000a22ead08,0x00000000b0300000)
 Metaspace       used 73138K, capacity 76346K, committed 76484K, reserved 1116160K
  class space    used 9958K, capacity 10644K, committed 10748K, reserved 1048576K
Event: 10.558 GC heap after
Heap after GC invocations=15 (full 3):
 PSYoungGen      total 209408K, used 21477K [0x00000000e0000000, 0x00000000eed80000, 0x0000000100000000)
  eden space 187904K, 0% used [0x00000000e0000000,0x00000000e0000000,0x00000000eb780000)
  from space 21504K, 99% used [0x00000000ed100000,0x00000000ee5f9708,0x00000000ee600000)
  to   space 26112K, 0% used [0x00000000eb780000,0x00000000eb780000,0x00000000ed100000)
 ParOldGen       total 265216K, used 41911K [0x00000000a0000000, 0x00000000b0300000, 0x00000000e0000000)
  object space 265216K, 15% used [0x00000000a0000000,0x00000000a28edcb8,0x00000000b0300000)
 Metaspace       used 73138K, capacity 76346K, committed 76484K, reserved 1116160K
  class space    used 9958K, capacity 10644K, committed 10748K, reserved 1048576K
}
Event: 12.002 GC heap before
{Heap before GC invocations=16 (full 3):
 PSYoungGen      total 209408K, used 209381K [0x00000000e0000000, 0x00000000eed80000, 0x0000000100000000)
  eden space 187904K, 100% used [0x00000000e0000000,0x00000000eb780000,0x00000000eb780000)
  from space 21504K, 99% used [0x00000000ed100000,0x00000000ee5f9708,0x00000000ee600000)
  to   space 26112K, 0% used [0x00000000eb780000,0x00000000eb780000,0x00000000ed100000)
 ParOldGen       total 265216K, used 41911K [0x00000000a0000000, 0x00000000b0300000, 0x00000000e0000000)
  object space 265216K, 15% used [0x00000000a0000000,0x00000000a28edcb8,0x00000000b0300000)
 Metaspace       used 75889K, capacity 79622K, committed 79684K, reserved 1118208K
  class space    used 10326K, capacity 11118K, committed 11132K, reserved 1048576K
Event: 12.034 GC heap after
Heap after GC invocations=16 (full 3):
 PSYoungGen      total 214016K, used 26085K [0x00000000e0000000, 0x00000000f2b80000, 0x0000000100000000)
  eden space 187904K, 0% used [0x00000000e0000000,0x00000000e0000000,0x00000000eb780000)
  from space 26112K, 99% used [0x00000000eb780000,0x00000000ed0f95f8,0x00000000ed100000)
  to   space 43520K, 0% used [0x00000000f0100000,0x00000000f0100000,0x00000000f2b80000)
 ParOldGen       total 265216K, used 80237K [0x00000000a0000000, 0x00000000b0300000, 0x00000000e0000000)
  object space 265216K, 30% used [0x00000000a0000000,0x00000000a4e5b518,0x00000000b0300000)
 Metaspace       used 75889K, capacity 79622K, committed 79684K, reserved 1118208K
  class space    used 10326K, capacity 11118K, committed 11132K, reserved 1048576K
}
Event: 71.940 GC heap before
{Heap before GC invocations=17 (full 3):
 PSYoungGen      total 214016K, used 213989K [0x00000000e0000000, 0x00000000f2b80000, 0x0000000100000000)
  eden space 187904K, 99% used [0x00000000e0000000,0x00000000eb77fff8,0x00000000eb780000)
  from space 26112K, 99% used [0x00000000eb780000,0x00000000ed0f95f8,0x00000000ed100000)
  to   space 43520K, 0% used [0x00000000f0100000,0x00000000f0100000,0x00000000f2b80000)
 ParOldGen       total 265216K, used 80237K [0x00000000a0000000, 0x00000000b0300000, 0x00000000e0000000)
  object space 265216K, 30% used [0x00000000a0000000,0x00000000a4e5b518,0x00000000b0300000)
 Metaspace       used 83578K, capacity 87954K, committed 88132K, reserved 1126400K
  class space    used 11175K, capacity 12030K, committed 12156K, reserved 1048576K
Event: 71.966 GC heap after
Heap after GC invocations=17 (full 3):
 PSYoungGen      total 252928K, used 26811K [0x00000000e0000000, 0x00000000f2700000, 0x0000000100000000)
  eden space 214016K, 0% used [0x00000000e0000000,0x00000000e0000000,0x00000000ed100000)
  from space 38912K, 68% used [0x00000000f0100000,0x00000000f1b2eff8,0x00000000f2700000)
  to   space 44032K, 0% used [0x00000000ed100000,0x00000000ed100000,0x00000000efc00000)
 ParOldGen       total 265216K, used 91183K [0x00000000a0000000, 0x00000000b0300000, 0x00000000e0000000)
  object space 265216K, 34% used [0x00000000a0000000,0x00000000a590bd48,0x00000000b0300000)
 Metaspace       used 83578K, capacity 87954K, committed 88132K, reserved 1126400K
  class space    used 11175K, capacity 12030K, committed 12156K, reserved 1048576K
}
Event: 73.792 GC heap before
{Heap before GC invocations=18 (full 3):
 PSYoungGen      total 252928K, used 240827K [0x00000000e0000000, 0x00000000f2700000, 0x0000000100000000)
  eden space 214016K, 100% used [0x00000000e0000000,0x00000000ed100000,0x00000000ed100000)
  from space 38912K, 68% used [0x00000000f0100000,0x00000000f1b2eff8,0x00000000f2700000)
  to   space 44032K, 0% used [0x00000000ed100000,0x00000000ed100000,0x00000000efc00000)
 ParOldGen       total 265216K, used 91183K [0x00000000a0000000, 0x00000000b0300000, 0x00000000e0000000)
  object space 265216K, 34% used [0x00000000a0000000,0x00000000a590bd48,0x00000000b0300000)
 Metaspace       used 85921K, capacity 90470K, committed 90692K, reserved 1128448K
  class space    used 11473K, capacity 12346K, committed 12412K, reserved 1048576K
Event: 73.848 GC heap after
Heap after GC invocations=18 (full 3):
 PSYoungGen      total 258048K, used 44017K [0x00000000e0000000, 0x00000000f6980000, 0x0000000100000000)
  eden space 214016K, 0% used [0x00000000e0000000,0x00000000e0000000,0x00000000ed100000)
  from space 44032K, 99% used [0x00000000ed100000,0x00000000efbfc540,0x00000000efc00000)
  to   space 59904K, 0% used [0x00000000f2f00000,0x00000000f2f00000,0x00000000f6980000)
 ParOldGen       total 265216K, used 116350K [0x00000000a0000000, 0x00000000b0300000, 0x00000000e0000000)
  object space 265216K, 43% used [0x00000000a0000000,0x00000000a719fa80,0x00000000b0300000)
 Metaspace       used 85921K, capacity 90470K, committed 90692K, reserved 1128448K
  class space    used 11473K, capacity 12346K, committed 12412K, reserved 1048576K
}
Event: 623.103 GC heap before
{Heap before GC invocations=19 (full 3):
 PSYoungGen      total 258048K, used 258033K [0x00000000e0000000, 0x00000000f6980000, 0x0000000100000000)
  eden space 214016K, 100% used [0x00000000e0000000,0x00000000ed100000,0x00000000ed100000)
  from space 44032K, 99% used [0x00000000ed100000,0x00000000efbfc540,0x00000000efc00000)
  to   space 59904K, 0% used [0x00000000f2f00000,0x00000000f2f00000,0x00000000f6980000)
 ParOldGen       total 265216K, used 116350K [0x00000000a0000000, 0x00000000b0300000, 0x00000000e0000000)
  object space 265216K, 43% used [0x00000000a0000000,0x00000000a719fa80,0x00000000b0300000)
 Metaspace       used 91094K, capacity 95770K, committed 95940K, reserved 1132544K
  class space    used 12070K, capacity 13038K, committed 13052K, reserved 1048576K
Event: 623.139 GC heap after
Heap after GC invocations=19 (full 3):
 PSYoungGen      total 295936K, used 32250K [0x00000000e0000000, 0x00000000f6200000, 0x0000000100000000)
  eden space 243712K, 0% used [0x00000000e0000000,0x00000000e0000000,0x00000000eee00000)
  from space 52224K, 61% used [0x00000000f2f00000,0x00000000f4e7eac8,0x00000000f6200000)
  to   space 59392K, 0% used [0x00000000eee00000,0x00000000eee00000,0x00000000f2800000)
 ParOldGen       total 265216K, used 126218K [0x00000000a0000000, 0x00000000b0300000, 0x00000000e0000000)
  object space 265216K, 47% used [0x00000000a0000000,0x00000000a7b42968,0x00000000b0300000)
 Metaspace       used 91094K, capacity 95770K, committed 95940K, reserved 1132544K
  class space    used 12070K, capacity 13038K, committed 13052K, reserved 1048576K
}

